<?xml version="1.0" encoding="UTF-8"?>
<!-- Generated by org.testng.reporters.JUnitReportReporter -->
<testsuite hostname="Jishnu" failures="0" tests="3" name="Test.day4" time="0.006" errors="0" timestamp="2022-05-12T00:08:20 IST" skipped="0">
  <testcase classname="Test.day4" name="MobileLoginHomeLoan" time="0.002"/>
  <system-out/>
  <testcase classname="Test.day4" name="WebloginHomeLoan" time="0.002"/>
  <system-out/>
  <testcase classname="Test.day4" name="LoginAPIHomeLoan" time="0.002"/>
  <system-out/>
</testsuite> <!-- Test.day4 -->
