<?xml version="1.0" encoding="UTF-8"?>
<!-- Generated by org.testng.reporters.JUnitReportReporter -->
<testsuite hostname="Jishnu" failures="0" tests="1" name="Test.day1" time="0.001" errors="0" timestamp="2022-05-15T13:16:02 IST" skipped="0">
  <testcase classname="Test.day1" name="SecondTest" time="0.001"/>
  <system-out/>
</testsuite> <!-- Test.day1 -->
