<?xml version="1.0" encoding="UTF-8"?>
<!-- Generated by org.testng.reporters.JUnitReportReporter -->
<testsuite hostname="Jishnu" failures="0" tests="1" name="Test.day2" time="0.009" errors="0" timestamp="2022-05-15T13:16:02 IST" skipped="0">
  <testcase classname="Test.day2" name="ploan" time="0.009"/>
  <system-out/>
</testsuite> <!-- Test.day2 -->
